[13-Aug-2018 12:57:34 UTC] PHP Warning:  file_get_contents(): SSL operation failed with code 1. OpenSSL Error messages:
error:1416F086:SSL routines:tls_process_server_certificate:certificate verify failed in S:\Code\quake.php on line 66
[13-Aug-2018 12:57:35 UTC] PHP Warning:  file_get_contents(): Failed to enable crypto in S:\Code\quake.php on line 66
[13-Aug-2018 12:57:35 UTC] PHP Warning:  file_get_contents(https://earthquake.usgs.gov/fdsnws/event/1/query?format=geojson&amp;limit=100&amp;minmag=1&amp;orderby=time): failed to open stream: operation failed in S:\Code\quake.php on line 66
[13-Aug-2018 12:57:35 UTC] PHP Warning:  Invalid argument supplied for foreach() in S:\Code\quake.php on line 74
[13-Aug-2018 13:15:35 UTC] PHP Notice:  Undefined index: sortby in S:\Code\quake.php on line 63
[13-Aug-2018 13:15:35 UTC] PHP Warning:  file_get_contents(): SSL operation failed with code 1. OpenSSL Error messages:
error:1416F086:SSL routines:tls_process_server_certificate:certificate verify failed in S:\Code\quake.php on line 66
[13-Aug-2018 13:15:35 UTC] PHP Warning:  file_get_contents(): Failed to enable crypto in S:\Code\quake.php on line 66
[13-Aug-2018 13:15:35 UTC] PHP Warning:  file_get_contents(https://earthquake.usgs.gov/fdsnws/event/1/query?format=geojson&amp;limit=1&amp;minmag=&amp;orderby=): failed to open stream: operation failed in S:\Code\quake.php on line 66
[13-Aug-2018 13:15:35 UTC] PHP Warning:  Invalid argument supplied for foreach() in S:\Code\quake.php on line 74
[13-Aug-2018 13:15:49 UTC] PHP Notice:  Undefined index: sortby in S:\Code\quake.php on line 63
[13-Aug-2018 13:15:49 UTC] PHP Warning:  file_get_contents(): SSL operation failed with code 1. OpenSSL Error messages:
error:1416F086:SSL routines:tls_process_server_certificate:certificate verify failed in S:\Code\quake.php on line 66
[13-Aug-2018 13:15:49 UTC] PHP Warning:  file_get_contents(): Failed to enable crypto in S:\Code\quake.php on line 66
[13-Aug-2018 13:15:49 UTC] PHP Warning:  file_get_contents(https://earthquake.usgs.gov/fdsnws/event/1/query?format=geojson&amp;limit=1&amp;minmag=&amp;orderby=): failed to open stream: operation failed in S:\Code\quake.php on line 66
[13-Aug-2018 13:15:49 UTC] PHP Warning:  Invalid argument supplied for foreach() in S:\Code\quake.php on line 74
[13-Aug-2018 13:15:50 UTC] PHP Notice:  Undefined index: sortby in S:\Code\quake.php on line 63
[13-Aug-2018 13:15:50 UTC] PHP Warning:  file_get_contents(): SSL operation failed with code 1. OpenSSL Error messages:
error:1416F086:SSL routines:tls_process_server_certificate:certificate verify failed in S:\Code\quake.php on line 66
[13-Aug-2018 13:15:50 UTC] PHP Warning:  file_get_contents(): Failed to enable crypto in S:\Code\quake.php on line 66
[13-Aug-2018 13:15:50 UTC] PHP Warning:  file_get_contents(https://earthquake.usgs.gov/fdsnws/event/1/query?format=geojson&amp;limit=1&amp;minmag=&amp;orderby=): failed to open stream: operation failed in S:\Code\quake.php on line 66
[13-Aug-2018 13:15:50 UTC] PHP Warning:  Invalid argument supplied for foreach() in S:\Code\quake.php on line 74
[13-Aug-2018 13:15:54 UTC] PHP Notice:  Undefined index: sortby in S:\Code\quake.php on line 63
[13-Aug-2018 13:15:54 UTC] PHP Warning:  file_get_contents(): SSL operation failed with code 1. OpenSSL Error messages:
error:1416F086:SSL routines:tls_process_server_certificate:certificate verify failed in S:\Code\quake.php on line 66
[13-Aug-2018 13:15:54 UTC] PHP Warning:  file_get_contents(): Failed to enable crypto in S:\Code\quake.php on line 66
[13-Aug-2018 13:15:54 UTC] PHP Warning:  file_get_contents(https://earthquake.usgs.gov/fdsnws/event/1/query?format=geojson&amp;limit=1&amp;minmag=1&amp;orderby=): failed to open stream: operation failed in S:\Code\quake.php on line 66
[13-Aug-2018 13:15:54 UTC] PHP Warning:  Invalid argument supplied for foreach() in S:\Code\quake.php on line 74
[13-Aug-2018 13:16:34 UTC] PHP Warning:  file_get_contents(): SSL operation failed with code 1. OpenSSL Error messages:
error:1416F086:SSL routines:tls_process_server_certificate:certificate verify failed in S:\Code\quake.php on line 66
[13-Aug-2018 13:16:34 UTC] PHP Warning:  file_get_contents(): Failed to enable crypto in S:\Code\quake.php on line 66
[13-Aug-2018 13:16:34 UTC] PHP Warning:  file_get_contents(https://earthquake.usgs.gov/fdsnws/event/1/query?format=geojson&amp;limit=1&amp;minmag=1&amp;orderby=time): failed to open stream: operation failed in S:\Code\quake.php on line 66
[13-Aug-2018 13:16:34 UTC] PHP Warning:  Invalid argument supplied for foreach() in S:\Code\quake.php on line 74
[13-Aug-2018 13:18:16 UTC] PHP Warning:  file_get_contents(): SSL operation failed with code 1. OpenSSL Error messages:
error:1416F086:SSL routines:tls_process_server_certificate:certificate verify failed in S:\Code\quake.php on line 66
[13-Aug-2018 13:18:16 UTC] PHP Warning:  file_get_contents(): Failed to enable crypto in S:\Code\quake.php on line 66
[13-Aug-2018 13:18:16 UTC] PHP Warning:  file_get_contents(https://earthquake.usgs.gov/fdsnws/event/1/query?format=geojson&amp;limit=1&amp;minmag=1&amp;orderby=time): failed to open stream: operation failed in S:\Code\quake.php on line 66
[13-Aug-2018 13:18:16 UTC] PHP Warning:  Invalid argument supplied for foreach() in S:\Code\quake.php on line 74
[13-Aug-2018 13:18:20 UTC] PHP Warning:  file_get_contents(): SSL operation failed with code 1. OpenSSL Error messages:
error:1416F086:SSL routines:tls_process_server_certificate:certificate verify failed in S:\Code\quake.php on line 66
[13-Aug-2018 13:18:20 UTC] PHP Warning:  file_get_contents(): Failed to enable crypto in S:\Code\quake.php on line 66
[13-Aug-2018 13:18:20 UTC] PHP Warning:  file_get_contents(https://earthquake.usgs.gov/fdsnws/event/1/query?format=geojson&amp;limit=1&amp;minmag=1&amp;orderby=time): failed to open stream: operation failed in S:\Code\quake.php on line 66
[13-Aug-2018 13:18:20 UTC] PHP Warning:  Invalid argument supplied for foreach() in S:\Code\quake.php on line 74
[13-Aug-2018 13:18:25 UTC] PHP Warning:  file_get_contents(): SSL operation failed with code 1. OpenSSL Error messages:
error:1416F086:SSL routines:tls_process_server_certificate:certificate verify failed in S:\Code\quake.php on line 66
[13-Aug-2018 13:18:25 UTC] PHP Warning:  file_get_contents(): Failed to enable crypto in S:\Code\quake.php on line 66
[13-Aug-2018 13:18:25 UTC] PHP Warning:  file_get_contents(https://earthquake.usgs.gov/fdsnws/event/1/query?format=geojson&amp;limit=1&amp;minmag=1&amp;orderby=time): failed to open stream: operation failed in S:\Code\quake.php on line 66
[13-Aug-2018 13:18:25 UTC] PHP Warning:  Invalid argument supplied for foreach() in S:\Code\quake.php on line 74
[13-Aug-2018 13:18:31 UTC] PHP Warning:  file_get_contents(): SSL operation failed with code 1. OpenSSL Error messages:
error:1416F086:SSL routines:tls_process_server_certificate:certificate verify failed in S:\Code\quake.php on line 66
[13-Aug-2018 13:18:31 UTC] PHP Warning:  file_get_contents(): Failed to enable crypto in S:\Code\quake.php on line 66
[13-Aug-2018 13:18:31 UTC] PHP Warning:  file_get_contents(https://earthquake.usgs.gov/fdsnws/event/1/query?format=geojson&amp;limit=1&amp;minmag=1&amp;orderby=time): failed to open stream: operation failed in S:\Code\quake.php on line 66
[13-Aug-2018 13:18:31 UTC] PHP Warning:  Invalid argument supplied for foreach() in S:\Code\quake.php on line 74
[13-Aug-2018 13:20:05 UTC] PHP Notice:  Undefined index: sortby in S:\Code\quake.php on line 63
[13-Aug-2018 13:20:05 UTC] PHP Warning:  file_get_contents(): SSL operation failed with code 1. OpenSSL Error messages:
error:1416F086:SSL routines:tls_process_server_certificate:certificate verify failed in S:\Code\quake.php on line 66
[13-Aug-2018 13:20:05 UTC] PHP Warning:  file_get_contents(): Failed to enable crypto in S:\Code\quake.php on line 66
[13-Aug-2018 13:20:05 UTC] PHP Warning:  file_get_contents(https://earthquake.usgs.gov/fdsnws/event/1/query?format=geojson&amp;limit=1&amp;minmag=&amp;orderby=): failed to open stream: operation failed in S:\Code\quake.php on line 66
[13-Aug-2018 13:20:05 UTC] PHP Warning:  Invalid argument supplied for foreach() in S:\Code\quake.php on line 74
[13-Aug-2018 13:20:07 UTC] PHP Notice:  Undefined index: sortby in S:\Code\quake.php on line 63
[13-Aug-2018 13:20:07 UTC] PHP Warning:  file_get_contents(): SSL operation failed with code 1. OpenSSL Error messages:
error:1416F086:SSL routines:tls_process_server_certificate:certificate verify failed in S:\Code\quake.php on line 66
[13-Aug-2018 13:20:07 UTC] PHP Warning:  file_get_contents(): Failed to enable crypto in S:\Code\quake.php on line 66
[13-Aug-2018 13:20:07 UTC] PHP Warning:  file_get_contents(https://earthquake.usgs.gov/fdsnws/event/1/query?format=geojson&amp;limit=1&amp;minmag=&amp;orderby=): failed to open stream: operation failed in S:\Code\quake.php on line 66
[13-Aug-2018 13:20:07 UTC] PHP Warning:  Invalid argument supplied for foreach() in S:\Code\quake.php on line 74
[13-Aug-2018 13:20:13 UTC] PHP Warning:  file_get_contents(): SSL operation failed with code 1. OpenSSL Error messages:
error:1416F086:SSL routines:tls_process_server_certificate:certificate verify failed in S:\Code\quake.php on line 66
[13-Aug-2018 13:20:13 UTC] PHP Warning:  file_get_contents(): Failed to enable crypto in S:\Code\quake.php on line 66
[13-Aug-2018 13:20:13 UTC] PHP Warning:  file_get_contents(https://earthquake.usgs.gov/fdsnws/event/1/query?format=geojson&amp;limit=1&amp;minmag=1&amp;orderby=time): failed to open stream: operation failed in S:\Code\quake.php on line 66
[13-Aug-2018 13:20:13 UTC] PHP Warning:  Invalid argument supplied for foreach() in S:\Code\quake.php on line 74
[13-Aug-2018 13:27:38 UTC] PHP Notice:  Undefined index: sortby in S:\Code\quake.php on line 63
[13-Aug-2018 13:27:38 UTC] PHP Warning:  file_get_contents(): SSL operation failed with code 1. OpenSSL Error messages:
error:1416F086:SSL routines:tls_process_server_certificate:certificate verify failed in S:\Code\quake.php on line 66
[13-Aug-2018 13:27:38 UTC] PHP Warning:  file_get_contents(): Failed to enable crypto in S:\Code\quake.php on line 66
[13-Aug-2018 13:27:38 UTC] PHP Warning:  file_get_contents(https://earthquake.usgs.gov/fdsnws/event/1/query?format=geojson&amp;limit=1&amp;minmag=&amp;orderby=): failed to open stream: operation failed in S:\Code\quake.php on line 66
[13-Aug-2018 13:27:38 UTC] PHP Warning:  Invalid argument supplied for foreach() in S:\Code\quake.php on line 74
[13-Aug-2018 13:27:44 UTC] PHP Warning:  file_get_contents(): SSL operation failed with code 1. OpenSSL Error messages:
error:1416F086:SSL routines:tls_process_server_certificate:certificate verify failed in S:\Code\quake.php on line 66
[13-Aug-2018 13:27:44 UTC] PHP Warning:  file_get_contents(): Failed to enable crypto in S:\Code\quake.php on line 66
[13-Aug-2018 13:27:44 UTC] PHP Warning:  file_get_contents(https://earthquake.usgs.gov/fdsnws/event/1/query?format=geojson&amp;limit=1&amp;minmag=1&amp;orderby=time): failed to open stream: operation failed in S:\Code\quake.php on line 66
[13-Aug-2018 13:27:44 UTC] PHP Warning:  Invalid argument supplied for foreach() in S:\Code\quake.php on line 74
[13-Aug-2018 13:28:15 UTC] PHP Warning:  file_get_contents(): SSL operation failed with code 1. OpenSSL Error messages:
error:1416F086:SSL routines:tls_process_server_certificate:certificate verify failed in S:\Code\quake.php on line 66
[13-Aug-2018 13:28:15 UTC] PHP Warning:  file_get_contents(): Failed to enable crypto in S:\Code\quake.php on line 66
[13-Aug-2018 13:28:15 UTC] PHP Warning:  file_get_contents(https://earthquake.usgs.gov/fdsnws/event/1/query?format=geojson&amp;limit=1&amp;minmag=1&amp;orderby=time): failed to open stream: operation failed in S:\Code\quake.php on line 66
[13-Aug-2018 13:28:15 UTC] PHP Warning:  Invalid argument supplied for foreach() in S:\Code\quake.php on line 74
[13-Aug-2018 13:28:23 UTC] PHP Warning:  file_get_contents(): SSL operation failed with code 1. OpenSSL Error messages:
error:1416F086:SSL routines:tls_process_server_certificate:certificate verify failed in S:\Code\quake.php on line 66
[13-Aug-2018 13:28:23 UTC] PHP Warning:  file_get_contents(): Failed to enable crypto in S:\Code\quake.php on line 66
[13-Aug-2018 13:28:23 UTC] PHP Warning:  file_get_contents(https://earthquake.usgs.gov/fdsnws/event/1/query?format=geojson&amp;limit=1&amp;minmag=1&amp;orderby=time): failed to open stream: operation failed in S:\Code\quake.php on line 66
[13-Aug-2018 13:28:23 UTC] PHP Warning:  Invalid argument supplied for foreach() in S:\Code\quake.php on line 74
